app/build/outputs/logs/manifest-merger-debug-report.txt
-- Merging decision tree log ---
manifest
ADDED from src\main\AndroidManifest.xml:2:1-27:12
	package
		ADDED from src\main\AndroidManifest.xml:3:7-51
		INJECTED from src\main\AndroidManifest.xml
		INJECTED from src\main\AndroidManifest.xml
	android:versionName
		ADDED from src\main\AndroidManifest.xml:5:7-32
		INJECTED from src\main\AndroidManifest.xml
		INJECTED from src\main\AndroidManifest.xml
	android:versionCode
		ADDED from src\main\AndroidManifest.xml:4:7-30
		INJECTED from src\main\AndroidManifest.xml
		INJECTED from src\main\AndroidManifest.xml
	xmlns:android
		ADDED from src\main\AndroidManifest.xml:2:11-69
uses-sdk
ADDED from src\main\AndroidManifest.xml:6:5-8:41
	android:targetSdkVersion
		ADDED from src\main\AndroidManifest.xml:8:9-38
		INJECTED from src\main\AndroidManifest.xml
		INJECTED from src\main\AndroidManifest.xml
	android:minSdkVersion
		ADDED from src\main\AndroidManifest.xml:7:9-34
		INJECTED from src\main\AndroidManifest.xml
		INJECTED from src\main\AndroidManifest.xml
uses-permission#android.permission.CAMERA
ADDED from src\main\AndroidManifest.xml:10:5-81
	android:name
		ADDED from src\main\AndroidManifest.xml:10:22-62
uses-permission#android.permission.RECORD_AUDIO
ADDED from src\main\AndroidManifest.xml:11:8-90
	android:name
		ADDED from src\main\AndroidManifest.xml:11:25-71
uses-permission#android.permission.RECORD_VIDEO
ADDED from src\main\AndroidManifest.xml:12:8-90
	android:name
		ADDED from src\main\AndroidManifest.xml:12:25-71
uses-permission#android.permission.WRITE_EXTERNAL_STORAGE
ADDED from src\main\AndroidManifest.xml:13:8-84
	android:name
		ADDED from src\main\AndroidManifest.xml:13:25-81
uses-feature#android.hardware.camera
ADDED from src\main\AndroidManifest.xml:14:5-60
	android:name
		ADDED from src\main\AndroidManifest.xml:14:19-57
application
ADDED from src\main\AndroidManifest.xml:17:5-25:19
	android:label
		ADDED from src\main\AndroidManifest.xml:17:48-80
	android:icon
		ADDED from src\main\AndroidManifest.xml:17:18-47
activity#com.pmdm.VideoCam.VideoCam
ADDED from src\main\AndroidManifest.xml:18:9-23:20
	android:label
		ADDED from src\main\AndroidManifest.xml:18:61-93
	android:name
		ADDED from src\main\AndroidManifest.xml:18:19-60
intent-filter#android.intent.action.MAIN+android.intent.category.LAUNCHER
ADDED from src\main\AndroidManifest.xml:19:13-22:29
action#android.intent.action.MAIN
ADDED from src\main\AndroidManifest.xml:20:17-69
	android:name
		ADDED from src\main\AndroidManifest.xml:20:25-66
category#android.intent.category.LAUNCHER
ADDED from src\main\AndroidManifest.xml:21:17-77
	android:name
		ADDED from src\main\AndroidManifest.xml:21:27-74